6.1603 	DEBUG 	Fullscreen settings ignored as running in pilot mode.
6.1611 	INFO 	Loaded monitor calibration from ['2024_08_08 22:40']
6.3381 	EXP 	Created window1 = Window(allowGUI=True, allowStencil=False, autoLog=True, backendConf=UNKNOWN, backgroundFit=<method-wrapper '__getattribute__' of attributeSetter object at 0x7fcea891f910>, backgroundImage=<method-wrapper '__getattribute__' of attributeSetter object at 0x7fcea891f8b0>, bitsMode=UNKNOWN, blendMode='avg', bpc=(8, 8, 8), color=array([0, 0, 0]), colorSpace='rgb', depthBits=8, fullscr=<method-wrapper '__getattribute__' of attributeSetter object at 0x7fcea891f6a0>, gamma=None, gammaErrorPolicy='raise', infoMsg=UNKNOWN, lms=UNKNOWN, monitor=<psychopy.monitors.calibTools.Monitor object at 0x7fcecc394bb0>, multiSample=False, name='window1', numSamples=2, pos=[520.0, 300.0], screen=0, size=array([1600, 1200]), stencilBits=0, stereo=False, title='PsychoPy', units='height', useFBO=True, useRetina=True, viewOri=0.0, viewPos=None, viewScale=None, waitBlanking=True, winType='pyglet')
6.3381 	EXP 	window1: backgroundImage = ''
6.3381 	EXP 	window1: backgroundFit = 'none'
6.3383 	EXP 	window1: mouseVisible = <method-wrapper '__getattribute__' of attributeSetter object at 0x7fcea891fa30>
6.3385 	EXP 	window1: mouseVisible = <method-wrapper '__getattribute__' of attributeSetter object at 0x7fcea891fa30>
6.3408 	EXP 	window1: mouseVisible = <method-wrapper '__getattribute__' of attributeSetter object at 0x7fcea891fa30>
6.3412 	EXP 	window1: mouseVisible = <method-wrapper '__getattribute__' of attributeSetter object at 0x7fcea891fa30>
6.3495 	DEBUG 	TextBox2 loaded 1 chars with 0 blanks and 1 valid
6.3500 	DEBUG 	TextBox2 loaded 1 chars with 0 blanks and 1 valid
6.3506 	DEBUG 	TextBox2 loaded 1 chars with 0 blanks and 1 valid
6.3512 	DEBUG 	TextBox2 loaded 1 chars with 0 blanks and 1 valid
6.3519 	DEBUG 	TextBox2 loaded 1 chars with 0 blanks and 1 valid
6.3522 	DEBUG 	TextBox2 loaded 1 chars with 0 blanks and 1 valid
6.3527 	DEBUG 	TextBox2 loaded 1 chars with 0 blanks and 1 valid
6.3534 	DEBUG 	TextBox2 loaded 1 chars with 0 blanks and 1 valid
6.3537 	DEBUG 	TextBox2 loaded 1 chars with 0 blanks and 1 valid
6.3539 	DEBUG 	TextBox2 loaded 1 chars with 0 blanks and 1 valid
6.3544 	DEBUG 	TextBox2 loaded 1 chars with 0 blanks and 1 valid
6.3549 	DEBUG 	TextBox2 loaded 1 chars with 0 blanks and 1 valid
6.3553 	DEBUG 	TextBox2 loaded 1 chars with 0 blanks and 1 valid
6.3558 	DEBUG 	TextBox2 loaded 1 chars with 0 blanks and 1 valid
6.3562 	DEBUG 	TextBox2 loaded 1 chars with 0 blanks and 1 valid
6.3568 	DEBUG 	TextBox2 loaded 1 chars with 0 blanks and 1 valid
6.3573 	DEBUG 	TextBox2 loaded 1 chars with 0 blanks and 1 valid
6.3575 	DEBUG 	TextBox2 loaded 1 chars with 0 blanks and 1 valid
6.3578 	DEBUG 	TextBox2 loaded 1 chars with 0 blanks and 1 valid
6.3585 	DEBUG 	TextBox2 loaded 1 chars with 0 blanks and 1 valid
6.3589 	DEBUG 	TextBox2 loaded 1 chars with 0 blanks and 1 valid
6.3592 	DEBUG 	Uploading Texture Font fontname to graphics card
6.3630 	DEBUG 	Upload of Texture Font fontname complete
6.3651 	EXP 	window1: mouseVisible = <method-wrapper '__getattribute__' of attributeSetter object at 0x7fcea891fa30>
6.3652 	EXP 	window1: mouseVisible = <method-wrapper '__getattribute__' of attributeSetter object at 0x7fcea891fa30>
6.3656 	EXP 	window1: mouseVisible = <method-wrapper '__getattribute__' of attributeSetter object at 0x7fcea891fa30>
6.3660 	EXP 	window1: mouseVisible = <method-wrapper '__getattribute__' of attributeSetter object at 0x7fcea891fa30>
6.3690 	DEBUG 	TextBox2 loaded 1 chars with 0 blanks and 1 valid
6.3697 	DEBUG 	TextBox2 loaded 1 chars with 0 blanks and 1 valid
6.3704 	DEBUG 	TextBox2 loaded 1 chars with 0 blanks and 1 valid
6.3705 	DEBUG 	Uploading Texture Font fontname to graphics card
6.3724 	DEBUG 	Upload of Texture Font fontname complete
6.3747 	EXP 	window1: Attempting to measure frame rate of screen (0) ...
6.3747 	EXP 	window1: recordFrameIntervals = False
6.5697 	EXP 	window1: recordFrameIntervals = True
7.4059 	WARNING 	Couldn't measure a consistent frame rate!
  - Is your graphics card set to sync to vertical blank?
  - Are you running other processes on your computer?

7.4066 	EXP 	window1: mouseVisible = False
7.4070 	EXP 	window1: mouseVisible = False
7.4072 	EXP 	window1: mouseVisible = False
7.4081 	EXP 	window1: mouseVisible = False
7.4089 	EXP 	window1: mouseVisible = False
7.4661 	DEBUG 	TextBox2 loaded 1 chars with 0 blanks and 1 valid
7.4664 	DEBUG 	TextBox2 loaded 1 chars with 0 blanks and 1 valid
7.4671 	DEBUG 	TextBox2 loaded 1 chars with 0 blanks and 1 valid
7.4680 	DEBUG 	TextBox2 loaded 1 chars with 0 blanks and 1 valid
7.4688 	DEBUG 	TextBox2 loaded 1 chars with 0 blanks and 1 valid
7.4696 	DEBUG 	TextBox2 loaded 1 chars with 0 blanks and 1 valid
7.4700 	DEBUG 	TextBox2 loaded 1 chars with 0 blanks and 1 valid
7.4707 	DEBUG 	TextBox2 loaded 1 chars with 0 blanks and 1 valid
7.4715 	DEBUG 	TextBox2 loaded 1 chars with 0 blanks and 1 valid
7.4722 	DEBUG 	TextBox2 loaded 1 chars with 0 blanks and 1 valid
7.4724 	DEBUG 	Uploading Texture Font fontname to graphics card
7.4745 	DEBUG 	Upload of Texture Font fontname complete
7.4769 	EXP 	window1: mouseVisible = False
7.4770 	EXP 	window1: mouseVisible = False
7.4774 	EXP 	window1: mouseVisible = False
7.4778 	EXP 	window1: mouseVisible = False
7.5073 	WARNING 	launchHubServer: If using the iohub mouse or eyetracker devices, fullScr should be True.
9.3205 	INFO 	keyboard.Keyboard is using iohub backend.
9.3205 	INFO 	keyboard.Keyboard is using iohub backend.
9.3205 	EXP 	Orientation discrimination task: status = STARTED
9.3210 	EXP 	window1: mouseVisible = False
9.3268 	EXP 	Created fixation = ShapeStim(__class__=<class 'psychopy.visual.shape.ShapeStim'>, anchor=('center', 'center'), autoDraw=False, autoLog=True, closeShape=True, color=method-wrapper(...), colorSpace='rgb', contrast=None, depth=0.0, draggable=False, fillColor=array([1, 1, 1]), fillColorSpace='rgb', fillRGB=array([1, 1, 1]), interpolate=True, lineColor=array([1., 1., 1.]), lineColorSpace='rgb', lineRGB=array([1, 1, 1]), lineWidth=1.0, name='fixation', opacity=1.0, ori=0.0, pos=array([0., 0.]), size=array([10., 10.]), units='pix', vertices=ndarray(...), win=Window(...), windingRule=None)
9.3269 	EXP 	window1: mouseVisible = False
9.3297 	EXP 	Created grating = GratingStim(__class__=<class 'psychopy.visual.grating.GratingStim'>, anchor='center', autoDraw=False, autoLog=True, blendmode='avg', color=array([0.3, 0.3, 0.3]), colorSpace='rgb', contrast=0.3, depth=-1.0, draggable=False, interpolate=True, mask='gauss', maskParams=None, name='grating', opacity=1.0, ori=1.0, phase=array([0., 0.]), pos=array([0., 0.]), rgbPedestal=array([0., 0., 0.]), sf=array([5., 5.]), size=array([0.2, 0.2]), tex='sin', texRes=128.0, units='height', win=Window(...))
0.0146 	EXP 	Created sequence: random, trialTypes=1, nReps=100, seed=None
0.0149 	EXP 	New trial (rep=0, index=0): None
0.0184 	EXP 	grating: ori = -2.0
0.0184 	EXP 	fixation: autoDraw = True
0.9969 	INFO 	Keyboard events cleared
0.9966 	EXP 	grating: autoDraw = True
0.9966 	EXP 	grating: tex = 'sin'
1.0072 	EXP 	fixation: autoDraw = False
1.2914 	EXP 	grating: autoDraw = False
5.6470 	EXP 	New trial (rep=1, index=0): None
5.6630 	DATA 	Keypress: down
5.6653 	WARNING 	t of last frame was 44.69ms (=1/22)
5.6653 	EXP 	fixation: autoDraw = False
5.6653 	EXP 	grating: autoDraw = False
5.6653 	EXP 	grating: ori = 3.0
5.6653 	EXP 	fixation: autoDraw = True
6.6420 	INFO 	Keyboard events cleared
6.6418 	EXP 	grating: autoDraw = True
6.6578 	EXP 	fixation: autoDraw = False
6.9372 	EXP 	grating: autoDraw = False
7.8140 	EXP 	New trial (rep=2, index=0): None
7.8217 	DATA 	Keypress: down
7.8243 	EXP 	fixation: autoDraw = False
7.8243 	EXP 	grating: autoDraw = False
7.8243 	EXP 	grating: ori = 0.0
7.8243 	EXP 	fixation: autoDraw = True
8.8108 	INFO 	Keyboard events cleared
8.8106 	EXP 	grating: autoDraw = True
8.8206 	EXP 	fixation: autoDraw = False
9.1040 	EXP 	grating: autoDraw = False
9.2085 	EXP 	New trial (rep=3, index=0): None
9.2101 	DATA 	Keypress: up
9.2124 	EXP 	fixation: autoDraw = False
9.2124 	EXP 	grating: autoDraw = False
9.2124 	EXP 	grating: ori = 2.0
9.2124 	EXP 	fixation: autoDraw = True
10.2043 	INFO 	Keyboard events cleared
10.2041 	EXP 	grating: autoDraw = True
10.2100 	EXP 	fixation: autoDraw = False
10.4931 	EXP 	grating: autoDraw = False
10.8816 	EXP 	New trial (rep=4, index=0): None
10.8835 	DATA 	Keypress: up
10.8871 	EXP 	fixation: autoDraw = False
10.8871 	EXP 	grating: autoDraw = False
10.8871 	EXP 	grating: ori = -5.0
10.8871 	EXP 	fixation: autoDraw = True
11.8765 	INFO 	Keyboard events cleared
11.8763 	EXP 	fixation: autoDraw = False
11.8763 	EXP 	grating: autoDraw = True
12.1709 	EXP 	grating: autoDraw = False
12.3476 	EXP 	New trial (rep=5, index=0): None
12.3494 	DATA 	Keypress: down
12.3529 	EXP 	fixation: autoDraw = False
12.3529 	EXP 	grating: autoDraw = False
12.3529 	EXP 	grating: ori = 0.0
12.3529 	EXP 	fixation: autoDraw = True
13.3416 	INFO 	Keyboard events cleared
13.3414 	EXP 	fixation: autoDraw = False
13.3414 	EXP 	grating: autoDraw = True
13.6373 	EXP 	grating: autoDraw = False
13.8478 	EXP 	New trial (rep=6, index=0): None
13.8497 	DATA 	Keypress: up
13.8533 	EXP 	fixation: autoDraw = False
13.8533 	EXP 	grating: autoDraw = False
13.8533 	EXP 	grating: ori = 3.0
13.8533 	EXP 	fixation: autoDraw = True
14.8435 	INFO 	Keyboard events cleared
14.8433 	EXP 	fixation: autoDraw = False
14.8433 	EXP 	grating: autoDraw = True
15.1375 	EXP 	grating: autoDraw = False
15.6255 	EXP 	New trial (rep=7, index=0): None
15.6273 	DATA 	Keypress: down
15.6307 	EXP 	fixation: autoDraw = False
15.6307 	EXP 	grating: autoDraw = False
15.6307 	EXP 	grating: ori = 1.0
15.6307 	EXP 	fixation: autoDraw = True
16.6206 	INFO 	Keyboard events cleared
16.6204 	EXP 	grating: autoDraw = True
16.6262 	EXP 	fixation: autoDraw = False
16.9097 	EXP 	grating: autoDraw = False
17.0587 	EXP 	New trial (rep=8, index=0): None
17.0606 	DATA 	Keypress: up
17.0640 	EXP 	fixation: autoDraw = False
17.0640 	EXP 	grating: autoDraw = False
17.0640 	EXP 	grating: ori = 0.0
17.0640 	EXP 	fixation: autoDraw = True
18.0542 	INFO 	Keyboard events cleared
18.0540 	EXP 	grating: autoDraw = True
18.0600 	EXP 	fixation: autoDraw = False
18.3428 	EXP 	grating: autoDraw = False
18.4426 	EXP 	New trial (rep=9, index=0): None
18.4444 	DATA 	Keypress: up
18.4477 	EXP 	fixation: autoDraw = False
18.4477 	EXP 	grating: autoDraw = False
18.4477 	EXP 	grating: ori = 0.0
18.4477 	EXP 	fixation: autoDraw = True
19.4376 	INFO 	Keyboard events cleared
19.4374 	EXP 	grating: autoDraw = True
19.4434 	EXP 	fixation: autoDraw = False
19.7265 	EXP 	grating: autoDraw = False
19.8754 	EXP 	New trial (rep=10, index=0): None
19.8773 	DATA 	Keypress: down
19.8807 	EXP 	fixation: autoDraw = False
19.8807 	EXP 	grating: autoDraw = False
19.8807 	EXP 	grating: ori = 0.0
19.8807 	EXP 	fixation: autoDraw = True
20.8708 	INFO 	Keyboard events cleared
20.8706 	EXP 	grating: autoDraw = True
20.8765 	EXP 	fixation: autoDraw = False
21.1599 	EXP 	grating: autoDraw = False
21.2914 	EXP 	New trial (rep=11, index=0): None
21.2932 	DATA 	Keypress: up
21.2964 	EXP 	fixation: autoDraw = False
21.2964 	EXP 	grating: autoDraw = False
21.2964 	EXP 	grating: ori = 0.0
21.2964 	EXP 	fixation: autoDraw = True
22.2878 	INFO 	Keyboard events cleared
22.2876 	EXP 	grating: autoDraw = True
22.2935 	EXP 	fixation: autoDraw = False
22.5766 	EXP 	grating: autoDraw = False
22.9595 	EXP 	New trial (rep=12, index=0): None
22.9614 	DATA 	Keypress: up
22.9647 	EXP 	fixation: autoDraw = False
22.9647 	EXP 	grating: autoDraw = False
22.9647 	EXP 	grating: ori = 0.0
22.9647 	EXP 	fixation: autoDraw = True
23.9542 	INFO 	Keyboard events cleared
23.9540 	EXP 	grating: autoDraw = True
23.9600 	EXP 	fixation: autoDraw = False
24.2429 	EXP 	grating: autoDraw = False
24.2810 	EXP 	New trial (rep=13, index=0): None
24.2826 	DATA 	Keypress: down
24.2863 	EXP 	fixation: autoDraw = False
24.2863 	EXP 	grating: autoDraw = False
24.2863 	EXP 	grating: ori = 0.0
24.2863 	EXP 	fixation: autoDraw = True
25.2770 	INFO 	Keyboard events cleared
25.2768 	EXP 	fixation: autoDraw = False
25.2768 	EXP 	grating: autoDraw = True
25.5707 	EXP 	grating: autoDraw = False
25.6643 	EXP 	New trial (rep=14, index=0): None
25.6661 	DATA 	Keypress: up
25.6697 	EXP 	fixation: autoDraw = False
25.6697 	EXP 	grating: autoDraw = False
25.6697 	EXP 	grating: ori = 0.0
25.6697 	EXP 	fixation: autoDraw = True
26.6601 	INFO 	Keyboard events cleared
26.6599 	EXP 	fixation: autoDraw = False
26.6599 	EXP 	grating: autoDraw = True
26.9540 	EXP 	grating: autoDraw = False
27.1319 	EXP 	New trial (rep=15, index=0): None
27.1335 	DATA 	Keypress: up
27.1364 	EXP 	fixation: autoDraw = False
27.1364 	EXP 	grating: autoDraw = False
27.1364 	EXP 	grating: ori = -2.0
27.1364 	EXP 	fixation: autoDraw = True
28.1268 	INFO 	Keyboard events cleared
28.1266 	EXP 	fixation: autoDraw = False
28.1266 	EXP 	grating: autoDraw = True
28.4207 	EXP 	grating: autoDraw = False
28.4920 	EXP 	New trial (rep=16, index=0): None
28.4938 	DATA 	Keypress: down
28.4973 	EXP 	fixation: autoDraw = False
28.4973 	EXP 	grating: autoDraw = False
28.4973 	EXP 	grating: ori = 0.0
28.4973 	EXP 	fixation: autoDraw = True
29.4875 	INFO 	Keyboard events cleared
29.4872 	EXP 	grating: autoDraw = True
29.4933 	EXP 	fixation: autoDraw = False
29.7762 	EXP 	grating: autoDraw = False
30.3977 	EXP 	New trial (rep=17, index=0): None
30.3996 	DATA 	Keypress: up
30.4030 	EXP 	fixation: autoDraw = False
30.4030 	EXP 	grating: autoDraw = False
30.4030 	EXP 	grating: ori = 0.0
30.4030 	EXP 	fixation: autoDraw = True
31.3937 	INFO 	Keyboard events cleared
31.3934 	EXP 	fixation: autoDraw = False
31.3934 	EXP 	grating: autoDraw = True
31.6872 	EXP 	grating: autoDraw = False
32.1423 	EXP 	New trial (rep=18, index=0): None
32.1439 	DATA 	Keypress: up
32.1463 	EXP 	fixation: autoDraw = False
32.1463 	EXP 	grating: autoDraw = False
32.1463 	EXP 	grating: ori = 0.0
32.1463 	EXP 	fixation: autoDraw = True
33.1372 	INFO 	Keyboard events cleared
33.1370 	EXP 	grating: autoDraw = True
33.1426 	EXP 	fixation: autoDraw = False
33.4264 	EXP 	grating: autoDraw = False
33.4809 	EXP 	New trial (rep=19, index=0): None
33.4826 	DATA 	Keypress: down
33.4864 	EXP 	fixation: autoDraw = False
33.4864 	EXP 	grating: autoDraw = False
33.4864 	EXP 	grating: ori = 0.0
33.4864 	EXP 	fixation: autoDraw = True
34.4768 	INFO 	Keyboard events cleared
34.4766 	EXP 	fixation: autoDraw = False
34.4766 	EXP 	grating: autoDraw = True
34.7704 	EXP 	grating: autoDraw = False
34.8307 	EXP 	New trial (rep=20, index=0): None
34.8326 	DATA 	Keypress: down
34.8363 	EXP 	fixation: autoDraw = False
34.8363 	EXP 	grating: autoDraw = False
34.8363 	EXP 	grating: ori = 2.0
34.8363 	EXP 	fixation: autoDraw = True
35.8268 	INFO 	Keyboard events cleared
35.8266 	EXP 	fixation: autoDraw = False
35.8266 	EXP 	grating: autoDraw = True
36.1208 	EXP 	grating: autoDraw = False
36.1920 	EXP 	New trial (rep=21, index=0): None
36.1938 	DATA 	Keypress: up
36.1972 	EXP 	fixation: autoDraw = False
36.1972 	EXP 	grating: autoDraw = False
36.1972 	EXP 	grating: ori = 2.0
36.1972 	EXP 	fixation: autoDraw = True
37.1874 	INFO 	Keyboard events cleared
37.1872 	EXP 	grating: autoDraw = True
37.1931 	EXP 	fixation: autoDraw = False
37.4764 	EXP 	grating: autoDraw = False
38.0089 	EXP 	New trial (rep=22, index=0): None
38.0108 	DATA 	Keypress: down
38.0138 	EXP 	fixation: autoDraw = False
38.0138 	EXP 	grating: autoDraw = False
38.0138 	EXP 	grating: ori = 0.0
38.0138 	EXP 	fixation: autoDraw = True
39.0042 	INFO 	Keyboard events cleared
39.0040 	EXP 	grating: autoDraw = True
39.0100 	EXP 	fixation: autoDraw = False
39.2930 	EXP 	grating: autoDraw = False
39.3813 	EXP 	New trial (rep=23, index=0): None
39.3832 	DATA 	Keypress: up
39.3867 	EXP 	fixation: autoDraw = False
39.3867 	EXP 	grating: autoDraw = False
39.3867 	EXP 	grating: ori = 0.0
39.3867 	EXP 	fixation: autoDraw = True
40.3770 	INFO 	Keyboard events cleared
40.3768 	EXP 	fixation: autoDraw = False
40.3768 	EXP 	grating: autoDraw = True
40.6707 	EXP 	grating: autoDraw = False
41.0086 	EXP 	New trial (rep=24, index=0): None
41.0104 	DATA 	Keypress: up
41.0134 	EXP 	fixation: autoDraw = False
41.0134 	EXP 	grating: autoDraw = False
41.0134 	EXP 	grating: ori = -3.0
41.0134 	EXP 	fixation: autoDraw = True
42.0039 	INFO 	Keyboard events cleared
42.0037 	EXP 	grating: autoDraw = True
42.0096 	EXP 	fixation: autoDraw = False
42.2933 	EXP 	grating: autoDraw = False
42.4086 	EXP 	New trial (rep=25, index=0): None
42.4103 	DATA 	Keypress: down
42.4132 	EXP 	fixation: autoDraw = False
42.4132 	EXP 	grating: autoDraw = False
42.4132 	EXP 	grating: ori = 0.0
42.4132 	EXP 	fixation: autoDraw = True
43.4045 	INFO 	Keyboard events cleared
43.4043 	EXP 	grating: autoDraw = True
43.4101 	EXP 	fixation: autoDraw = False
43.6930 	EXP 	grating: autoDraw = False
44.0593 	EXP 	New trial (rep=26, index=0): None
44.0612 	DATA 	Keypress: up
44.0646 	EXP 	fixation: autoDraw = False
44.0646 	EXP 	grating: autoDraw = False
44.0646 	EXP 	grating: ori = -5.0
44.0646 	EXP 	fixation: autoDraw = True
45.0539 	INFO 	Keyboard events cleared
45.0537 	EXP 	grating: autoDraw = True
45.0596 	EXP 	fixation: autoDraw = False
45.3433 	EXP 	grating: autoDraw = False
45.4980 	EXP 	New trial (rep=27, index=0): None
45.4995 	DATA 	Keypress: down
45.5030 	EXP 	fixation: autoDraw = False
45.5030 	EXP 	grating: autoDraw = False
45.5030 	EXP 	grating: ori = 0.0
45.5030 	EXP 	fixation: autoDraw = True
46.4921 	INFO 	Keyboard events cleared
46.4919 	EXP 	fixation: autoDraw = False
46.4919 	EXP 	grating: autoDraw = True
46.7876 	EXP 	grating: autoDraw = False
46.9088 	EXP 	New trial (rep=28, index=0): None
46.9107 	DATA 	Keypress: up
46.9140 	EXP 	fixation: autoDraw = False
46.9140 	EXP 	grating: autoDraw = False
46.9140 	EXP 	grating: ori = -4.0
46.9140 	EXP 	fixation: autoDraw = True
47.9042 	INFO 	Keyboard events cleared
47.9040 	EXP 	grating: autoDraw = True
47.9098 	EXP 	fixation: autoDraw = False
48.1931 	EXP 	grating: autoDraw = False
48.2753 	EXP 	New trial (rep=29, index=0): None
48.2771 	DATA 	Keypress: down
48.2802 	EXP 	fixation: autoDraw = False
48.2802 	EXP 	grating: autoDraw = False
48.2802 	EXP 	grating: ori = 0.0
48.2802 	EXP 	fixation: autoDraw = True
49.2711 	INFO 	Keyboard events cleared
49.2709 	EXP 	grating: autoDraw = True
49.2768 	EXP 	fixation: autoDraw = False
49.5597 	EXP 	grating: autoDraw = False
50.0310 	EXP 	New trial (rep=30, index=0): None
50.0329 	DATA 	Keypress: up
50.0364 	EXP 	fixation: autoDraw = False
50.0364 	EXP 	grating: autoDraw = False
50.0364 	EXP 	grating: ori = 0.0
50.0364 	EXP 	fixation: autoDraw = True
51.0266 	INFO 	Keyboard events cleared
51.0265 	EXP 	fixation: autoDraw = False
51.0265 	EXP 	grating: autoDraw = True
51.3208 	EXP 	grating: autoDraw = False
51.9588 	EXP 	New trial (rep=31, index=0): None
51.9607 	DATA 	Keypress: up
51.9640 	EXP 	fixation: autoDraw = False
51.9640 	EXP 	grating: autoDraw = False
51.9640 	EXP 	grating: ori = 0.0
51.9640 	EXP 	fixation: autoDraw = True
52.9541 	INFO 	Keyboard events cleared
52.9539 	EXP 	grating: autoDraw = True
52.9598 	EXP 	fixation: autoDraw = False
53.2431 	EXP 	grating: autoDraw = False
53.3578 	WARNING 	t of last frame was 81.55ms (=1/12)
53.7313 	EXP 	New trial (rep=32, index=0): None
53.7332 	DATA 	Keypress: up
53.7367 	EXP 	fixation: autoDraw = False
53.7367 	EXP 	grating: autoDraw = False
53.7367 	EXP 	grating: ori = 1.0
53.7367 	EXP 	fixation: autoDraw = True
54.7269 	INFO 	Keyboard events cleared
54.7267 	EXP 	fixation: autoDraw = False
54.7267 	EXP 	grating: autoDraw = True
55.0207 	EXP 	grating: autoDraw = False
55.1473 	EXP 	New trial (rep=33, index=0): None
55.1491 	DATA 	Keypress: down
55.1530 	EXP 	fixation: autoDraw = False
55.1530 	EXP 	grating: autoDraw = False
55.1530 	EXP 	grating: ori = 0.0
55.1530 	EXP 	fixation: autoDraw = True
56.1433 	INFO 	Keyboard events cleared
56.1431 	EXP 	fixation: autoDraw = False
56.1431 	EXP 	grating: autoDraw = True
56.4375 	EXP 	grating: autoDraw = False
57.1089 	EXP 	New trial (rep=34, index=0): None
57.1107 	DATA 	Keypress: up
57.1139 	EXP 	fixation: autoDraw = False
57.1139 	EXP 	grating: autoDraw = False
57.1139 	EXP 	grating: ori = 0.0
57.1139 	EXP 	fixation: autoDraw = True
58.1043 	INFO 	Keyboard events cleared
58.1042 	EXP 	grating: autoDraw = True
58.1100 	EXP 	fixation: autoDraw = False
58.3932 	EXP 	grating: autoDraw = False
58.8642 	EXP 	New trial (rep=35, index=0): None
58.8660 	DATA 	Keypress: up
58.8696 	EXP 	fixation: autoDraw = False
58.8696 	EXP 	grating: autoDraw = False
58.8696 	EXP 	grating: ori = 0.0
58.8696 	EXP 	fixation: autoDraw = True
59.8606 	INFO 	Keyboard events cleared
59.8604 	EXP 	fixation: autoDraw = False
59.8604 	EXP 	grating: autoDraw = True
60.1539 	EXP 	grating: autoDraw = False
60.2258 	EXP 	New trial (rep=36, index=0): None
60.2275 	DATA 	Keypress: down
60.2307 	EXP 	fixation: autoDraw = False
60.2307 	EXP 	grating: autoDraw = False
60.2307 	EXP 	grating: ori = -4.0
60.2307 	EXP 	fixation: autoDraw = True
61.2207 	INFO 	Keyboard events cleared
61.2205 	EXP 	grating: autoDraw = True
61.2265 	EXP 	fixation: autoDraw = False
61.5096 	EXP 	grating: autoDraw = False
61.6426 	EXP 	New trial (rep=37, index=0): None
61.6444 	DATA 	Keypress: up
61.6478 	EXP 	fixation: autoDraw = False
61.6478 	EXP 	grating: autoDraw = False
61.6478 	EXP 	grating: ori = 0.0
61.6478 	EXP 	fixation: autoDraw = True
62.6375 	INFO 	Keyboard events cleared
62.6373 	EXP 	grating: autoDraw = True
62.6432 	EXP 	fixation: autoDraw = False
62.9263 	EXP 	grating: autoDraw = False
63.3587 	EXP 	New trial (rep=38, index=0): None
63.3607 	DATA 	Keypress: up
63.3640 	EXP 	fixation: autoDraw = False
63.3640 	EXP 	grating: autoDraw = False
63.3640 	EXP 	grating: ori = 3.0
63.3640 	EXP 	fixation: autoDraw = True
64.3542 	INFO 	Keyboard events cleared
64.3540 	EXP 	grating: autoDraw = True
64.3599 	EXP 	fixation: autoDraw = False
64.6429 	EXP 	grating: autoDraw = False
64.9756 	EXP 	New trial (rep=39, index=0): None
64.9774 	DATA 	Keypress: down
64.9809 	EXP 	fixation: autoDraw = False
64.9809 	EXP 	grating: autoDraw = False
64.9809 	EXP 	grating: ori = -4.0
64.9809 	EXP 	fixation: autoDraw = True
65.9708 	INFO 	Keyboard events cleared
65.9707 	EXP 	grating: autoDraw = True
65.9767 	EXP 	fixation: autoDraw = False
66.2597 	EXP 	grating: autoDraw = False
66.6585 	EXP 	New trial (rep=40, index=0): None
66.6602 	DATA 	Keypress: up
66.6632 	EXP 	fixation: autoDraw = False
66.6632 	EXP 	grating: autoDraw = False
66.6632 	EXP 	grating: ori = 0.0
66.6632 	EXP 	fixation: autoDraw = True
67.6542 	INFO 	Keyboard events cleared
67.6540 	EXP 	grating: autoDraw = True
67.6601 	EXP 	fixation: autoDraw = False
67.9431 	EXP 	grating: autoDraw = False
68.2588 	EXP 	New trial (rep=41, index=0): None
68.2606 	DATA 	Keypress: down
68.2640 	EXP 	fixation: autoDraw = False
68.2640 	EXP 	grating: autoDraw = False
68.2640 	EXP 	grating: ori = 4.0
68.2640 	EXP 	fixation: autoDraw = True
69.2543 	INFO 	Keyboard events cleared
69.2541 	EXP 	grating: autoDraw = True
69.2600 	EXP 	fixation: autoDraw = False
69.5431 	EXP 	grating: autoDraw = False
69.8590 	EXP 	New trial (rep=42, index=0): None
69.8608 	DATA 	Keypress: down
69.8638 	EXP 	fixation: autoDraw = False
69.8638 	EXP 	grating: autoDraw = False
69.8638 	EXP 	grating: ori = 0.0
69.8638 	EXP 	fixation: autoDraw = True
70.8543 	INFO 	Keyboard events cleared
70.8540 	EXP 	grating: autoDraw = True
70.8602 	EXP 	fixation: autoDraw = False
71.1433 	EXP 	grating: autoDraw = False
71.9253 	EXP 	New trial (rep=43, index=0): None
71.9270 	DATA 	Keypress: down
71.9301 	EXP 	fixation: autoDraw = False
71.9301 	EXP 	grating: autoDraw = False
71.9301 	EXP 	grating: ori = 0.0
71.9301 	EXP 	fixation: autoDraw = True
72.9211 	INFO 	Keyboard events cleared
72.9209 	EXP 	grating: autoDraw = True
72.9270 	EXP 	fixation: autoDraw = False
73.2078 	EXP 	grating: autoDraw = False
73.8924 	EXP 	New trial (rep=44, index=0): None
73.8942 	DATA 	Keypress: up
73.8972 	EXP 	fixation: autoDraw = False
73.8972 	EXP 	grating: autoDraw = False
73.8972 	EXP 	grating: ori = 0.0
73.8972 	EXP 	fixation: autoDraw = True
74.8876 	INFO 	Keyboard events cleared
74.8875 	EXP 	grating: autoDraw = True
74.8934 	EXP 	fixation: autoDraw = False
75.1758 	EXP 	grating: autoDraw = False
75.7477 	EXP 	New trial (rep=45, index=0): None
75.7494 	DATA 	Keypress: up
75.7531 	EXP 	fixation: autoDraw = False
75.7531 	EXP 	grating: autoDraw = False
75.7531 	EXP 	grating: ori = 0.0
75.7531 	EXP 	fixation: autoDraw = True
76.7433 	INFO 	Keyboard events cleared
76.7432 	EXP 	fixation: autoDraw = False
76.7432 	EXP 	grating: autoDraw = True
77.0372 	EXP 	grating: autoDraw = False
77.6920 	EXP 	New trial (rep=46, index=0): None
77.6938 	DATA 	Keypress: down
77.6966 	EXP 	fixation: autoDraw = False
77.6966 	EXP 	grating: autoDraw = False
77.6966 	EXP 	grating: ori = 1.0
77.6966 	EXP 	fixation: autoDraw = True
78.6875 	INFO 	Keyboard events cleared
78.6873 	EXP 	grating: autoDraw = True
78.6932 	EXP 	fixation: autoDraw = False
78.9763 	EXP 	grating: autoDraw = False
79.7644 	EXP 	New trial (rep=47, index=0): None
79.7661 	DATA 	Keypress: down
79.7696 	EXP 	fixation: autoDraw = False
79.7696 	EXP 	grating: autoDraw = False
79.7696 	EXP 	grating: ori = -3.0
79.7696 	EXP 	fixation: autoDraw = True
80.7599 	INFO 	Keyboard events cleared
80.7597 	EXP 	fixation: autoDraw = False
80.7597 	EXP 	grating: autoDraw = True
81.0540 	EXP 	grating: autoDraw = False
81.5146 	EXP 	New trial (rep=48, index=0): None
81.5163 	DATA 	Keypress: up
81.5198 	EXP 	fixation: autoDraw = False
81.5198 	EXP 	grating: autoDraw = False
81.5198 	EXP 	grating: ori = 3.0
81.5198 	EXP 	fixation: autoDraw = True
82.5102 	INFO 	Keyboard events cleared
82.5099 	EXP 	fixation: autoDraw = False
82.5099 	EXP 	grating: autoDraw = True
82.8039 	EXP 	grating: autoDraw = False
83.1425 	EXP 	New trial (rep=49, index=0): None
83.1443 	DATA 	Keypress: down
83.1477 	EXP 	fixation: autoDraw = False
83.1477 	EXP 	grating: autoDraw = False
83.1477 	EXP 	grating: ori = 4.0
83.1477 	EXP 	fixation: autoDraw = True
84.1375 	INFO 	Keyboard events cleared
84.1373 	EXP 	grating: autoDraw = True
84.1432 	EXP 	fixation: autoDraw = False
84.4264 	EXP 	grating: autoDraw = False
84.7139 	EXP 	New trial (rep=50, index=0): None
84.7157 	DATA 	Keypress: down
84.7197 	EXP 	fixation: autoDraw = False
84.7197 	EXP 	grating: autoDraw = False
84.7197 	EXP 	grating: ori = 0.0
84.7197 	EXP 	fixation: autoDraw = True
85.7099 	INFO 	Keyboard events cleared
85.7096 	EXP 	fixation: autoDraw = False
85.7096 	EXP 	grating: autoDraw = True
86.0040 	EXP 	grating: autoDraw = False
86.3755 	EXP 	New trial (rep=51, index=0): None
86.3774 	DATA 	Keypress: up
86.3806 	EXP 	fixation: autoDraw = False
86.3806 	EXP 	grating: autoDraw = False
86.3806 	EXP 	grating: ori = 4.0
86.3806 	EXP 	fixation: autoDraw = True
87.3709 	INFO 	Keyboard events cleared
87.3707 	EXP 	grating: autoDraw = True
87.3766 	EXP 	fixation: autoDraw = False
87.6597 	EXP 	grating: autoDraw = False
88.1147 	EXP 	New trial (rep=52, index=0): None
88.1167 	DATA 	Keypress: down
88.1203 	EXP 	fixation: autoDraw = False
88.1203 	EXP 	grating: autoDraw = False
88.1203 	EXP 	grating: ori = 1.0
88.1203 	EXP 	fixation: autoDraw = True
89.1103 	INFO 	Keyboard events cleared
89.1101 	EXP 	fixation: autoDraw = False
89.1101 	EXP 	grating: autoDraw = True
89.4042 	EXP 	grating: autoDraw = False
89.9643 	EXP 	New trial (rep=53, index=0): None
89.9661 	DATA 	Keypress: down
89.9698 	EXP 	fixation: autoDraw = False
89.9698 	EXP 	grating: autoDraw = False
89.9698 	EXP 	grating: ori = 0.0
89.9698 	EXP 	fixation: autoDraw = True
90.9600 	INFO 	Keyboard events cleared
90.9597 	EXP 	fixation: autoDraw = False
90.9597 	EXP 	grating: autoDraw = True
91.2540 	EXP 	grating: autoDraw = False
91.7640 	EXP 	New trial (rep=54, index=0): None
91.7657 	DATA 	Keypress: up
91.7697 	EXP 	fixation: autoDraw = False
91.7697 	EXP 	grating: autoDraw = False
91.7697 	EXP 	grating: ori = 0.0
91.7697 	EXP 	fixation: autoDraw = True
92.7598 	INFO 	Keyboard events cleared
92.7596 	EXP 	fixation: autoDraw = False
92.7596 	EXP 	grating: autoDraw = True
93.0540 	EXP 	grating: autoDraw = False
93.6804 	EXP 	New trial (rep=55, index=0): None
93.6823 	DATA 	Keypress: up
93.6863 	EXP 	fixation: autoDraw = False
93.6863 	EXP 	grating: autoDraw = False
93.6863 	EXP 	grating: ori = 0.0
93.6863 	EXP 	fixation: autoDraw = True
94.6763 	INFO 	Keyboard events cleared
94.6761 	EXP 	fixation: autoDraw = False
94.6761 	EXP 	grating: autoDraw = True
94.9706 	EXP 	grating: autoDraw = False
95.8753 	EXP 	New trial (rep=56, index=0): None
95.8771 	DATA 	Keypress: down
95.8800 	EXP 	fixation: autoDraw = False
95.8800 	EXP 	grating: autoDraw = False
95.8800 	EXP 	grating: ori = 4.0
95.8800 	EXP 	fixation: autoDraw = True
96.8710 	INFO 	Keyboard events cleared
96.8707 	EXP 	grating: autoDraw = True
96.8766 	EXP 	fixation: autoDraw = False
97.1597 	EXP 	grating: autoDraw = False
97.8756 	EXP 	New trial (rep=57, index=0): None
97.8775 	DATA 	Keypress: down
97.8808 	EXP 	fixation: autoDraw = False
97.8808 	EXP 	grating: autoDraw = False
97.8808 	EXP 	grating: ori = -2.0
97.8808 	EXP 	fixation: autoDraw = True
98.8710 	INFO 	Keyboard events cleared
98.8707 	EXP 	grating: autoDraw = True
98.8768 	EXP 	fixation: autoDraw = False
99.1595 	EXP 	grating: autoDraw = False
100.0252 	EXP 	New trial (rep=58, index=0): None
100.0268 	DATA 	Keypress: up
100.0297 	EXP 	fixation: autoDraw = False
100.0297 	EXP 	grating: autoDraw = False
100.0297 	EXP 	grating: ori = 0.0
100.0297 	EXP 	fixation: autoDraw = True
101.0208 	INFO 	Keyboard events cleared
101.0206 	EXP 	grating: autoDraw = True
101.0268 	EXP 	fixation: autoDraw = False
101.3099 	EXP 	grating: autoDraw = False
101.9310 	EXP 	New trial (rep=59, index=0): None
101.9328 	DATA 	Keypress: up
101.9364 	EXP 	fixation: autoDraw = False
101.9364 	EXP 	grating: autoDraw = False
101.9364 	EXP 	grating: ori = -5.0
101.9364 	EXP 	fixation: autoDraw = True
102.9267 	INFO 	Keyboard events cleared
102.9265 	EXP 	fixation: autoDraw = False
102.9265 	EXP 	grating: autoDraw = True
103.2207 	EXP 	grating: autoDraw = False
103.6585 	EXP 	New trial (rep=60, index=0): None
103.6603 	DATA 	Keypress: down
103.6636 	EXP 	fixation: autoDraw = False
103.6636 	EXP 	grating: autoDraw = False
103.6636 	EXP 	grating: ori = 0.0
103.6636 	EXP 	fixation: autoDraw = True
104.6542 	INFO 	Keyboard events cleared
104.6540 	EXP 	grating: autoDraw = True
104.6600 	EXP 	fixation: autoDraw = False
104.9432 	EXP 	grating: autoDraw = False
105.5420 	EXP 	New trial (rep=61, index=0): None
105.5436 	DATA 	Keypress: up
105.5463 	EXP 	fixation: autoDraw = False
105.5463 	EXP 	grating: autoDraw = False
105.5463 	EXP 	grating: ori = 2.0
105.5463 	EXP 	fixation: autoDraw = True
106.5377 	INFO 	Keyboard events cleared
106.5374 	EXP 	grating: autoDraw = True
106.5434 	EXP 	fixation: autoDraw = False
106.8262 	EXP 	grating: autoDraw = False
107.3085 	EXP 	New trial (rep=62, index=0): None
107.3103 	DATA 	Keypress: down
107.3133 	EXP 	fixation: autoDraw = False
107.3133 	EXP 	grating: autoDraw = False
107.3133 	EXP 	grating: ori = 0.0
107.3133 	EXP 	fixation: autoDraw = True
108.3040 	INFO 	Keyboard events cleared
108.3038 	EXP 	grating: autoDraw = True
108.3095 	EXP 	fixation: autoDraw = False
108.5929 	EXP 	grating: autoDraw = False
109.1651 	EXP 	New trial (rep=63, index=0): None
109.1668 	DATA 	Keypress: up
109.1704 	EXP 	fixation: autoDraw = False
109.1704 	EXP 	grating: autoDraw = False
109.1704 	EXP 	grating: ori = -5.0
109.1704 	EXP 	fixation: autoDraw = True
110.1603 	INFO 	Keyboard events cleared
110.1602 	EXP 	fixation: autoDraw = False
110.1602 	EXP 	grating: autoDraw = True
110.4540 	EXP 	grating: autoDraw = False
110.8920 	EXP 	New trial (rep=64, index=0): None
110.8937 	DATA 	Keypress: down
110.8972 	EXP 	fixation: autoDraw = False
110.8972 	EXP 	grating: autoDraw = False
110.8972 	EXP 	grating: ori = 0.0
110.8972 	EXP 	fixation: autoDraw = True
111.8877 	INFO 	Keyboard events cleared
111.8876 	EXP 	grating: autoDraw = True
111.8934 	EXP 	fixation: autoDraw = False
112.1761 	EXP 	grating: autoDraw = False
112.7084 	EXP 	New trial (rep=65, index=0): None
112.7102 	DATA 	Keypress: up
112.7136 	EXP 	fixation: autoDraw = False
112.7136 	EXP 	grating: autoDraw = False
112.7136 	EXP 	grating: ori = 0.0
112.7136 	EXP 	fixation: autoDraw = True
113.7040 	INFO 	Keyboard events cleared
113.7039 	EXP 	grating: autoDraw = True
113.7098 	EXP 	fixation: autoDraw = False
113.9929 	EXP 	grating: autoDraw = False
114.4476 	EXP 	New trial (rep=66, index=0): None
114.4495 	DATA 	Keypress: down
114.4530 	EXP 	fixation: autoDraw = False
114.4530 	EXP 	grating: autoDraw = False
114.4530 	EXP 	grating: ori = 0.0
114.4530 	EXP 	fixation: autoDraw = True
115.4432 	INFO 	Keyboard events cleared
115.4430 	EXP 	fixation: autoDraw = False
115.4430 	EXP 	grating: autoDraw = True
115.7373 	EXP 	grating: autoDraw = False
116.3920 	EXP 	New trial (rep=67, index=0): None
116.3938 	DATA 	Keypress: down
116.3972 	EXP 	fixation: autoDraw = False
116.3972 	EXP 	grating: autoDraw = False
116.3972 	EXP 	grating: ori = -2.0
116.3972 	EXP 	fixation: autoDraw = True
117.3875 	INFO 	Keyboard events cleared
117.3874 	EXP 	grating: autoDraw = True
117.3935 	EXP 	fixation: autoDraw = False
117.6763 	EXP 	grating: autoDraw = False
118.3425 	EXP 	New trial (rep=68, index=0): None
118.3444 	DATA 	Keypress: up
118.3479 	EXP 	fixation: autoDraw = False
118.3479 	EXP 	grating: autoDraw = False
118.3479 	EXP 	grating: ori = 0.0
118.3479 	EXP 	fixation: autoDraw = True
119.3377 	INFO 	Keyboard events cleared
119.3376 	EXP 	grating: autoDraw = True
119.3434 	EXP 	fixation: autoDraw = False
119.6265 	EXP 	grating: autoDraw = False
120.2752 	EXP 	New trial (rep=69, index=0): None
120.2771 	DATA 	Keypress: down
120.2805 	EXP 	fixation: autoDraw = False
120.2805 	EXP 	grating: autoDraw = False
120.2805 	EXP 	grating: ori = 1.0
120.2805 	EXP 	fixation: autoDraw = True
121.2709 	INFO 	Keyboard events cleared
121.2706 	EXP 	grating: autoDraw = True
121.2767 	EXP 	fixation: autoDraw = False
121.5596 	EXP 	grating: autoDraw = False
122.2589 	EXP 	New trial (rep=70, index=0): None
122.2609 	DATA 	Keypress: down
122.2643 	EXP 	fixation: autoDraw = False
122.2643 	EXP 	grating: autoDraw = False
122.2643 	EXP 	grating: ori = 0.0
122.2643 	EXP 	fixation: autoDraw = True
123.2542 	INFO 	Keyboard events cleared
123.2540 	EXP 	grating: autoDraw = True
123.2598 	EXP 	fixation: autoDraw = False
123.5431 	EXP 	grating: autoDraw = False
124.0427 	EXP 	New trial (rep=71, index=0): None
124.0446 	DATA 	Keypress: up
124.0479 	EXP 	fixation: autoDraw = False
124.0479 	EXP 	grating: autoDraw = False
124.0479 	EXP 	grating: ori = 0.0
124.0479 	EXP 	fixation: autoDraw = True
125.0373 	INFO 	Keyboard events cleared
125.0370 	EXP 	grating: autoDraw = True
125.0428 	EXP 	fixation: autoDraw = False
125.3265 	EXP 	grating: autoDraw = False
126.3422 	EXP 	New trial (rep=72, index=0): None
126.3438 	DATA 	Keypress: down
126.3462 	EXP 	fixation: autoDraw = False
126.3462 	EXP 	grating: autoDraw = False
126.3462 	EXP 	grating: ori = 1.0
126.3462 	EXP 	fixation: autoDraw = True
127.3377 	INFO 	Keyboard events cleared
127.3375 	EXP 	grating: autoDraw = True
127.3434 	EXP 	fixation: autoDraw = False
127.6260 	EXP 	grating: autoDraw = False
128.3587 	EXP 	New trial (rep=73, index=0): None
128.3605 	DATA 	Keypress: down
128.3639 	EXP 	fixation: autoDraw = False
128.3639 	EXP 	grating: autoDraw = False
128.3639 	EXP 	grating: ori = 0.0
128.3639 	EXP 	fixation: autoDraw = True
129.3542 	INFO 	Keyboard events cleared
129.3540 	EXP 	grating: autoDraw = True
129.3599 	EXP 	fixation: autoDraw = False
129.6432 	EXP 	grating: autoDraw = False
130.1588 	EXP 	New trial (rep=74, index=0): None
130.1607 	DATA 	Keypress: up
130.1641 	EXP 	fixation: autoDraw = False
130.1641 	EXP 	grating: autoDraw = False
130.1641 	EXP 	grating: ori = 0.0
130.1641 	EXP 	fixation: autoDraw = True
131.1542 	INFO 	Keyboard events cleared
131.1540 	EXP 	grating: autoDraw = True
131.1601 	EXP 	fixation: autoDraw = False
131.4430 	EXP 	grating: autoDraw = False
132.0754 	EXP 	New trial (rep=75, index=0): None
132.0773 	DATA 	Keypress: up
132.0798 	EXP 	fixation: autoDraw = False
132.0798 	EXP 	grating: autoDraw = False
132.0798 	EXP 	grating: ori = 0.0
132.0798 	EXP 	fixation: autoDraw = True
133.0709 	INFO 	Keyboard events cleared
133.0707 	EXP 	grating: autoDraw = True
133.0766 	EXP 	fixation: autoDraw = False
133.3598 	EXP 	grating: autoDraw = False
134.0420 	EXP 	New trial (rep=76, index=0): None
134.0439 	DATA 	Keypress: up
134.0469 	EXP 	fixation: autoDraw = False
134.0469 	EXP 	grating: autoDraw = False
134.0469 	EXP 	grating: ori = 0.0
134.0469 	EXP 	fixation: autoDraw = True
135.0371 	INFO 	Keyboard events cleared
135.0370 	EXP 	grating: autoDraw = True
135.0428 	EXP 	fixation: autoDraw = False
135.3262 	EXP 	grating: autoDraw = False
135.9302 	EXP 	New trial (rep=77, index=0): None
135.9320 	DATA 	Keypress: up
135.9362 	EXP 	fixation: autoDraw = False
135.9362 	EXP 	grating: autoDraw = False
135.9362 	EXP 	grating: ori = 0.0
135.9362 	EXP 	fixation: autoDraw = True
136.9267 	INFO 	Keyboard events cleared
136.9265 	EXP 	fixation: autoDraw = False
136.9265 	EXP 	grating: autoDraw = True
137.2206 	EXP 	grating: autoDraw = False
138.0259 	EXP 	New trial (rep=78, index=0): None
138.0277 	DATA 	Keypress: down
138.0311 	EXP 	fixation: autoDraw = False
138.0311 	EXP 	grating: autoDraw = False
138.0311 	EXP 	grating: ori = 0.0
138.0311 	EXP 	fixation: autoDraw = True
139.0205 	INFO 	Keyboard events cleared
139.0203 	EXP 	grating: autoDraw = True
139.0260 	EXP 	fixation: autoDraw = False
139.3096 	EXP 	grating: autoDraw = False
139.9755 	EXP 	New trial (rep=79, index=0): None
139.9773 	DATA 	Keypress: up
139.9807 	EXP 	fixation: autoDraw = False
139.9807 	EXP 	grating: autoDraw = False
139.9807 	EXP 	grating: ori = 1.0
139.9807 	EXP 	fixation: autoDraw = True
140.9705 	INFO 	Keyboard events cleared
140.9703 	EXP 	grating: autoDraw = True
140.9763 	EXP 	fixation: autoDraw = False
141.2599 	EXP 	grating: autoDraw = False
141.6756 	EXP 	New trial (rep=80, index=0): None
141.6772 	DATA 	Keypress: down
141.6804 	EXP 	fixation: autoDraw = False
141.6804 	EXP 	grating: autoDraw = False
141.6804 	EXP 	grating: ori = -3.0
141.6804 	EXP 	fixation: autoDraw = True
142.6707 	INFO 	Keyboard events cleared
142.6706 	EXP 	grating: autoDraw = True
142.6766 	EXP 	fixation: autoDraw = False
142.9598 	EXP 	grating: autoDraw = False
143.8586 	EXP 	New trial (rep=81, index=0): None
143.8605 	DATA 	Keypress: up
143.8637 	EXP 	fixation: autoDraw = False
143.8637 	EXP 	grating: autoDraw = False
143.8637 	EXP 	grating: ori = 0.0
143.8637 	EXP 	fixation: autoDraw = True
144.8541 	INFO 	Keyboard events cleared
144.8539 	EXP 	grating: autoDraw = True
144.8599 	EXP 	fixation: autoDraw = False
145.1427 	EXP 	grating: autoDraw = False
145.8089 	EXP 	New trial (rep=82, index=0): None
145.8106 	DATA 	Keypress: down
145.8137 	EXP 	fixation: autoDraw = False
145.8137 	EXP 	grating: autoDraw = False
145.8137 	EXP 	grating: ori = 4.0
145.8137 	EXP 	fixation: autoDraw = True
146.8041 	INFO 	Keyboard events cleared
146.8039 	EXP 	grating: autoDraw = True
146.8101 	EXP 	fixation: autoDraw = False
147.0929 	EXP 	grating: autoDraw = False
147.6649 	EXP 	New trial (rep=83, index=0): None
147.6668 	DATA 	Keypress: down
147.6706 	EXP 	fixation: autoDraw = False
147.6706 	EXP 	grating: autoDraw = False
147.6706 	EXP 	grating: ori = 2.0
147.6706 	EXP 	fixation: autoDraw = True
148.6599 	INFO 	Keyboard events cleared
148.6596 	EXP 	fixation: autoDraw = False
148.6596 	EXP 	grating: autoDraw = True
148.9539 	EXP 	grating: autoDraw = False
149.5142 	EXP 	New trial (rep=84, index=0): None
149.5162 	DATA 	Keypress: down
149.5198 	EXP 	fixation: autoDraw = False
149.5198 	EXP 	grating: autoDraw = False
149.5198 	EXP 	grating: ori = 0.0
149.5198 	EXP 	fixation: autoDraw = True
150.5100 	INFO 	Keyboard events cleared
150.5098 	EXP 	fixation: autoDraw = False
150.5098 	EXP 	grating: autoDraw = True
150.8042 	EXP 	grating: autoDraw = False
151.3587 	EXP 	New trial (rep=85, index=0): None
151.3607 	DATA 	Keypress: up
151.3642 	EXP 	fixation: autoDraw = False
151.3642 	EXP 	grating: autoDraw = False
151.3642 	EXP 	grating: ori = 0.0
151.3642 	EXP 	fixation: autoDraw = True
152.3544 	INFO 	Keyboard events cleared
152.3542 	EXP 	grating: autoDraw = True
152.3601 	EXP 	fixation: autoDraw = False
152.6427 	EXP 	grating: autoDraw = False
153.2920 	EXP 	New trial (rep=86, index=0): None
153.2938 	DATA 	Keypress: up
153.2970 	EXP 	fixation: autoDraw = False
153.2970 	EXP 	grating: autoDraw = False
153.2970 	EXP 	grating: ori = -4.0
153.2970 	EXP 	fixation: autoDraw = True
154.2875 	INFO 	Keyboard events cleared
154.2873 	EXP 	grating: autoDraw = True
154.2932 	EXP 	fixation: autoDraw = False
154.5765 	EXP 	grating: autoDraw = False
154.8315 	EXP 	New trial (rep=87, index=0): None
154.8333 	DATA 	Keypress: down
154.8368 	EXP 	fixation: autoDraw = False
154.8368 	EXP 	grating: autoDraw = False
154.8368 	EXP 	grating: ori = 4.0
154.8368 	EXP 	fixation: autoDraw = True
155.8267 	INFO 	Keyboard events cleared
155.8265 	EXP 	fixation: autoDraw = False
155.8265 	EXP 	grating: autoDraw = True
156.1207 	EXP 	grating: autoDraw = False
156.6147 	EXP 	New trial (rep=88, index=0): None
156.6165 	DATA 	Keypress: down
156.6201 	EXP 	fixation: autoDraw = False
156.6201 	EXP 	grating: autoDraw = False
156.6201 	EXP 	grating: ori = -3.0
156.6201 	EXP 	fixation: autoDraw = True
157.6103 	INFO 	Keyboard events cleared
157.6101 	EXP 	fixation: autoDraw = False
157.6101 	EXP 	grating: autoDraw = True
157.9040 	EXP 	grating: autoDraw = False
158.5423 	EXP 	New trial (rep=89, index=0): None
158.5442 	DATA 	Keypress: down
158.5476 	EXP 	fixation: autoDraw = False
158.5476 	EXP 	grating: autoDraw = False
158.5476 	EXP 	grating: ori = -5.0
158.5476 	EXP 	fixation: autoDraw = True
159.5375 	INFO 	Keyboard events cleared
159.5372 	EXP 	grating: autoDraw = True
159.5433 	EXP 	fixation: autoDraw = False
159.8264 	EXP 	grating: autoDraw = False
160.1587 	EXP 	New trial (rep=90, index=0): None
160.1606 	DATA 	Keypress: down
160.1639 	EXP 	fixation: autoDraw = False
160.1639 	EXP 	grating: autoDraw = False
160.1639 	EXP 	grating: ori = 3.0
160.1639 	EXP 	fixation: autoDraw = True
161.1542 	INFO 	Keyboard events cleared
161.1539 	EXP 	grating: autoDraw = True
161.1599 	EXP 	fixation: autoDraw = False
161.4427 	EXP 	grating: autoDraw = False
161.7587 	EXP 	New trial (rep=91, index=0): None
161.7607 	DATA 	Keypress: down
161.7641 	EXP 	fixation: autoDraw = False
161.7641 	EXP 	grating: autoDraw = False
161.7641 	EXP 	grating: ori = 3.0
161.7641 	EXP 	fixation: autoDraw = True
162.7542 	INFO 	Keyboard events cleared
162.7540 	EXP 	grating: autoDraw = True
162.7603 	EXP 	fixation: autoDraw = False
163.0429 	EXP 	grating: autoDraw = False
163.5586 	EXP 	New trial (rep=92, index=0): None
163.5606 	DATA 	Keypress: down
163.5639 	EXP 	fixation: autoDraw = False
163.5639 	EXP 	grating: autoDraw = False
163.5639 	EXP 	grating: ori = 0.0
163.5639 	EXP 	fixation: autoDraw = True
164.5543 	INFO 	Keyboard events cleared
164.5542 	EXP 	grating: autoDraw = True
164.5600 	EXP 	fixation: autoDraw = False
164.8428 	EXP 	grating: autoDraw = False
165.5757 	EXP 	New trial (rep=93, index=0): None
165.5777 	DATA 	Keypress: down
165.5811 	EXP 	fixation: autoDraw = False
165.5811 	EXP 	grating: autoDraw = False
165.5811 	EXP 	grating: ori = 0.0
165.5811 	EXP 	fixation: autoDraw = True
166.5707 	INFO 	Keyboard events cleared
166.5705 	EXP 	grating: autoDraw = True
166.5764 	EXP 	fixation: autoDraw = False
166.8596 	EXP 	grating: autoDraw = False
167.5087 	EXP 	New trial (rep=94, index=0): None
167.5106 	DATA 	Keypress: up
167.5140 	EXP 	fixation: autoDraw = False
167.5140 	EXP 	grating: autoDraw = False
167.5140 	EXP 	grating: ori = 0.0
167.5140 	EXP 	fixation: autoDraw = True
168.5042 	INFO 	Keyboard events cleared
168.5040 	EXP 	grating: autoDraw = True
168.5100 	EXP 	fixation: autoDraw = False
168.7930 	EXP 	grating: autoDraw = False
169.5648 	EXP 	New trial (rep=95, index=0): None
169.5666 	DATA 	Keypress: up
169.5698 	EXP 	fixation: autoDraw = False
169.5698 	EXP 	grating: autoDraw = False
169.5698 	EXP 	grating: ori = 4.0
169.5698 	EXP 	fixation: autoDraw = True
170.5599 	INFO 	Keyboard events cleared
170.5596 	EXP 	fixation: autoDraw = False
170.5596 	EXP 	grating: autoDraw = True
170.8541 	EXP 	grating: autoDraw = False
171.0252 	EXP 	New trial (rep=96, index=0): None
171.0268 	DATA 	Keypress: down
171.0291 	EXP 	fixation: autoDraw = False
171.0291 	EXP 	grating: autoDraw = False
171.0291 	EXP 	grating: ori = -4.0
171.0291 	EXP 	fixation: autoDraw = True
172.0209 	INFO 	Keyboard events cleared
172.0207 	EXP 	grating: autoDraw = True
172.0266 	EXP 	fixation: autoDraw = False
172.3097 	EXP 	grating: autoDraw = False
172.9250 	EXP 	New trial (rep=97, index=0): None
172.9266 	DATA 	Keypress: down
172.9289 	EXP 	fixation: autoDraw = False
172.9289 	EXP 	grating: autoDraw = False
172.9289 	EXP 	grating: ori = -4.0
172.9289 	EXP 	fixation: autoDraw = True
173.9207 	INFO 	Keyboard events cleared
173.9206 	EXP 	grating: autoDraw = True
173.9264 	EXP 	fixation: autoDraw = False
174.2098 	EXP 	grating: autoDraw = False
174.9807 	EXP 	New trial (rep=98, index=0): None
174.9824 	DATA 	Keypress: down
174.9863 	EXP 	fixation: autoDraw = False
174.9863 	EXP 	grating: autoDraw = False
174.9863 	EXP 	grating: ori = 0.0
174.9863 	EXP 	fixation: autoDraw = True
175.9765 	INFO 	Keyboard events cleared
175.9763 	EXP 	fixation: autoDraw = False
175.9763 	EXP 	grating: autoDraw = True
176.2706 	EXP 	grating: autoDraw = False
176.7972 	EXP 	New trial (rep=99, index=0): None
176.7990 	DATA 	Keypress: up
176.8029 	EXP 	fixation: autoDraw = False
176.8029 	EXP 	grating: autoDraw = False
176.8029 	EXP 	grating: ori = -2.0
176.8029 	EXP 	fixation: autoDraw = True
177.7934 	INFO 	Keyboard events cleared
177.7931 	EXP 	fixation: autoDraw = False
177.7931 	EXP 	grating: autoDraw = True
178.0874 	EXP 	grating: autoDraw = False
178.6315 	DATA 	Keypress: up
178.6363 	EXP 	fixation: autoDraw = False
178.6363 	EXP 	grating: autoDraw = False
178.6385 	EXP 	Orientation discrimination task: status = STOPPED
178.6525 	INFO 	saved data to '/Users/haripriya/Downloads/data/939684_Orientation discrimination task_2024-09-19_11h40.40.957.csv'
178.6540 	INFO 	saved data to /Users/haripriya/Downloads/data/939684_Orientation discrimination task_2024-09-19_11h40.40.957.psydat
178.6691 	EXP 	window1: mouseVisible = True
178.8067 	DEBUG 	Saving data for Orientation discrimination task ExperimentHandler
